Using pre-set license
Built from '2022.3/staging' branch; Version is '2022.3.15f1 (b58023a2b463) revision 11894819'; Using compiler version '192829333'; Build Type 'Release'
OS: 'Windows 11  (10.0.22621) 64bit Core' Language: 'en' Physical Memory: 16234 MB
BatchMode: 1, IsHumanControllingUs: 0, StartBugReporterOnCrash: 0, Is64bit: 1, IsPro: 1

COMMAND LINE ARGUMENTS:
C:\Program Files\Unity 2022.3.15f1\Editor\Unity.exe
-adb2
-batchMode
-noUpm
-name
AssetImportWorker0
-projectPath
C:/Users/97252/Documents/GitHub/GameJam2024/GameJam2024
-logFile
Logs/AssetImportWorker0.log
-srvPort
61648
Successfully changed project path to: C:/Users/97252/Documents/GitHub/GameJam2024/GameJam2024
C:/Users/97252/Documents/GitHub/GameJam2024/GameJam2024
[UnityMemory] Configuration Parameters - Can be set up in boot.config
    "memorysetup-bucket-allocator-granularity=16"
    "memorysetup-bucket-allocator-bucket-count=8"
    "memorysetup-bucket-allocator-block-size=33554432"
    "memorysetup-bucket-allocator-block-count=8"
    "memorysetup-main-allocator-block-size=16777216"
    "memorysetup-thread-allocator-block-size=16777216"
    "memorysetup-gfx-main-allocator-block-size=16777216"
    "memorysetup-gfx-thread-allocator-block-size=16777216"
    "memorysetup-cache-allocator-block-size=4194304"
    "memorysetup-typetree-allocator-block-size=2097152"
    "memorysetup-profiler-bucket-allocator-granularity=16"
    "memorysetup-profiler-bucket-allocator-bucket-count=8"
    "memorysetup-profiler-bucket-allocator-block-size=33554432"
    "memorysetup-profiler-bucket-allocator-block-count=8"
    "memorysetup-profiler-allocator-block-size=16777216"
    "memorysetup-profiler-editor-allocator-block-size=1048576"
    "memorysetup-temp-allocator-size-main=16777216"
    "memorysetup-job-temp-allocator-block-size=2097152"
    "memorysetup-job-temp-allocator-block-size-background=1048576"
    "memorysetup-job-temp-allocator-reduction-small-platforms=262144"
    "memorysetup-allocator-temp-initial-block-size-main=262144"
    "memorysetup-allocator-temp-initial-block-size-worker=262144"
    "memorysetup-temp-allocator-size-background-worker=32768"
    "memorysetup-temp-allocator-size-job-worker=262144"
    "memorysetup-temp-allocator-size-preload-manager=33554432"
    "memorysetup-temp-allocator-size-nav-mesh-worker=65536"
    "memorysetup-temp-allocator-size-audio-worker=65536"
    "memorysetup-temp-allocator-size-cloud-worker=32768"
    "memorysetup-temp-allocator-size-gi-baking-worker=262144"
    "memorysetup-temp-allocator-size-gfx=262144"
Player connection [24732] Host "[IP] 192.168.1.47 [Port] 0 [Flags] 2 [Guid] 2915316313 [EditorId] 2915316313 [Version] 1048832 [Id] WindowsEditor(7,Yonatan) [Debug] 1 [PackageName] WindowsEditor [ProjectName] Editor" joined multi-casting on [225.0.0.222:54997]...

Player connection [24732] Host "[IP] 192.168.1.47 [Port] 0 [Flags] 2 [Guid] 2915316313 [EditorId] 2915316313 [Version] 1048832 [Id] WindowsEditor(7,Yonatan) [Debug] 1 [PackageName] WindowsEditor [ProjectName] Editor" joined alternative multi-casting on [225.0.0.222:34997]...

[Physics::Module] Initialized MultithreadedJobDispatcher with 11 workers.
Refreshing native plugins compatible for Editor in 9.97 ms, found 4 plugins.
Preloading 0 native plugins for Editor in 0.00 ms.
Initialize engine version: 2022.3.15f1 (b58023a2b463)
[Subsystems] Discovering subsystems at path C:/Program Files/Unity 2022.3.15f1/Editor/Data/Resources/UnitySubsystems
[Subsystems] Discovering subsystems at path C:/Users/97252/Documents/GitHub/GameJam2024/GameJam2024/Assets
GfxDevice: creating device client; threaded=0; jobified=0
Direct3D:
    Version:  Direct3D 11.0 [level 11.1]
    Renderer: NVIDIA GeForce GTX 1660 Ti (ID=0x2191)
    Vendor:   NVIDIA
    VRAM:     5979 MB
    Driver:   31.0.15.4665
Initialize mono
Mono path[0] = 'C:/Program Files/Unity 2022.3.15f1/Editor/Data/Managed'
Mono path[1] = 'C:/Program Files/Unity 2022.3.15f1/Editor/Data/MonoBleedingEdge/lib/mono/unityjit-win32'
Mono config path = 'C:/Program Files/Unity 2022.3.15f1/Editor/Data/MonoBleedingEdge/etc'
Using monoOptions --debugger-agent=transport=dt_socket,embedding=1,server=y,suspend=n,address=127.0.0.1:56300
Begin MonoManager ReloadAssembly
Registering precompiled unity dll's ...
Register platform support module: C:/Program Files/Unity 2022.3.15f1/Editor/Data/PlaybackEngines/WindowsStandaloneSupport/UnityEditor.WindowsStandalone.Extensions.dll
Registered in 0.004316 seconds.
- Loaded All Assemblies, in  0.378 seconds
Native extension for WindowsStandalone target not found
Mono: successfully reloaded assembly
- Finished resetting the current domain, in  0.327 seconds
Domain Reload Profiling: 704ms
	BeginReloadAssembly (111ms)
		ExecutionOrderSort (0ms)
		DisableScriptedObjects (0ms)
		BackupInstance (0ms)
		ReleaseScriptingObjects (0ms)
		CreateAndSetChildDomain (1ms)
	RebuildCommonClasses (38ms)
	RebuildNativeTypeToScriptingClass (17ms)
	initialDomainReloadingComplete (67ms)
	LoadAllAssembliesAndSetupDomain (143ms)
		LoadAssemblies (109ms)
		RebuildTransferFunctionScriptingTraits (0ms)
		AnalyzeDomain (141ms)
			TypeCache.Refresh (140ms)
				TypeCache.ScanAssembly (126ms)
			ScanForSourceGeneratedMonoScriptInfo (0ms)
			ResolveRequiredComponents (0ms)
	FinalizeReload (327ms)
		ReleaseScriptCaches (0ms)
		RebuildScriptCaches (0ms)
		SetupLoadedEditorAssemblies (259ms)
			LogAssemblyErrors (0ms)
			InitializePlatformSupportModulesInManaged (12ms)
			SetLoadedEditorAssemblies (12ms)
			RefreshPlugins (0ms)
			BeforeProcessingInitializeOnLoad (3ms)
			ProcessInitializeOnLoadAttributes (178ms)
			ProcessInitializeOnLoadMethodAttributes (55ms)
			AfterProcessingInitializeOnLoad (0ms)
			EditorAssembliesLoaded (0ms)
		ExecutionOrderSort2 (0ms)
		AwakeInstancesAfterBackupRestoration (0ms)
========================================================================
Worker process is ready to serve import requests
Begin MonoManager ReloadAssembly
- Loaded All Assemblies, in  1.031 seconds
Refreshing native plugins compatible for Editor in 4.19 ms, found 4 plugins.
Native extension for WindowsStandalone target not found
Package Manager log level set to [2]
[Package Manager] Server::EnsureServerProcessIsRunning -- launch failed, reason: Unity was launched with the -noUpm command-line argument
[Package Manager] UpmClient::Send -- Unable to send message (not connected to UPM process).
[Package Manager] Cannot connect to Unity Package Manager local server
Mono: successfully reloaded assembly
- Finished resetting the current domain, in  1.178 seconds
Domain Reload Profiling: 2206ms
	BeginReloadAssembly (186ms)
		ExecutionOrderSort (0ms)
		DisableScriptedObjects (10ms)
		BackupInstance (0ms)
		ReleaseScriptingObjects (0ms)
		CreateAndSetChildDomain (25ms)
	RebuildCommonClasses (42ms)
	RebuildNativeTypeToScriptingClass (14ms)
	initialDomainReloadingComplete (58ms)
	LoadAllAssembliesAndSetupDomain (728ms)
		LoadAssemblies (538ms)
		RebuildTransferFunctionScriptingTraits (0ms)
		AnalyzeDomain (292ms)
			TypeCache.Refresh (247ms)
				TypeCache.ScanAssembly (227ms)
			ScanForSourceGeneratedMonoScriptInfo (27ms)
			ResolveRequiredComponents (17ms)
	FinalizeReload (1179ms)
		ReleaseScriptCaches (0ms)
		RebuildScriptCaches (0ms)
		SetupLoadedEditorAssemblies (957ms)
			LogAssemblyErrors (0ms)
			InitializePlatformSupportModulesInManaged (6ms)
			SetLoadedEditorAssemblies (7ms)
			RefreshPlugins (0ms)
			BeforeProcessingInitializeOnLoad (151ms)
			ProcessInitializeOnLoadAttributes (735ms)
			ProcessInitializeOnLoadMethodAttributes (53ms)
			AfterProcessingInitializeOnLoad (5ms)
			EditorAssembliesLoaded (0ms)
		ExecutionOrderSort2 (0ms)
		AwakeInstancesAfterBackupRestoration (7ms)
Launched and connected shader compiler UnityShaderCompiler.exe after 0.05 seconds
Refreshing native plugins compatible for Editor in 7.10 ms, found 4 plugins.
Preloading 0 native plugins for Editor in 0.00 ms.
Unloading 4040 Unused Serialized files (Serialized files now loaded: 0)
Unloading 67 unused Assets / (240.4 KB). Loaded Objects now: 4503.
Memory consumption went from 149.8 MB to 149.5 MB.
Total: 6.844200 ms (FindLiveObjects: 0.519300 ms CreateObjectMapping: 0.531200 ms MarkObjects: 5.467300 ms  DeleteObjects: 0.324700 ms)

AssetImportParameters requested are different than current active one (requested -> active):
  custom:container-demuxer-ogg: 62fdf1f143b41e24485cea50d1cbac27 -> 
  custom:video-codec-MediaFoundation-h265: 746d11721c4dcdbdad8f713fa42b33f4 -> 
  custom:video-decoder-ogg-theora: a1e56fd34408186e4bbccfd4996cb3dc -> 
  custom:framework-win-MediaFoundation: 216162199b28c13a410421893ffa2e32 -> 
  custom:CustomObjectIndexerAttribute: 43b350a4d6e6d1791af0b5038c4bea17 -> 
  custom:container-demuxer-webm: 4f35f7cbe854078d1ac9338744f61a02 -> 
  custom:container-muxer-webm: aa71ff27fc2769a1b78a27578f13a17b -> 
  custom:video-decoder-webm-vp8: 9c59270c3fd7afecdb556c50c9e8de78 -> 
  custom:SearchIndexIgnoredProperties: e643bd26f0fe6173181afceb89e7c659 -> 
  custom:AudioImporter_EditorPlatform: d09bf68614088b80899f8185d706f6e7 -> 
  custom:video-encoder-webm-vp8: eb34c28f22e8b96e1ab97ce403110664 -> 
  custom:audio-decoder-ogg-vorbis: bf7c407c2cedff20999df2af8eb42d56 -> 
  custom:audio-encoder-webm-vorbis: bf7c407c2cedff20999df2af8eb42d56 -> 
========================================================================
Received Import Request.
  Time since last request: 263681.586551 seconds.
  path: Assets/Prefabs/Props/SC_Prop_Garden_Chair.fbx
  artifactKey: Guid(5c6725a60a0ee6442a3c8d0aeda37b68) Importer(815301076,1909f56bfc062723c751e8b465ee728b)
Start importing Assets/Prefabs/Props/SC_Prop_Garden_Chair.fbx using Guid(5c6725a60a0ee6442a3c8d0aeda37b68) Importer(815301076,1909f56bfc062723c751e8b465ee728b)  -> (artifact id: 'ad8ee1095b627a344d5a288a6ed02c6f') in 0.185644 seconds
Number of updated asset objects reloaded before import = 0
Number of asset objects unloaded after import = 8
========================================================================
Received Import Request.
  Time since last request: 0.000035 seconds.
  path: Assets/Prefabs/Props/SimpleCity_Texture.png
  artifactKey: Guid(08a28df80941d3f4ba77f879c491375a) Importer(815301076,1909f56bfc062723c751e8b465ee728b)
Start importing Assets/Prefabs/Props/SimpleCity_Texture.png using Guid(08a28df80941d3f4ba77f879c491375a) Importer(815301076,1909f56bfc062723c751e8b465ee728b)  -> (artifact id: 'bf9a6303203f1b74e41128d304842ce0') in 0.025604 seconds
Number of updated asset objects reloaded before import = 0
Number of asset objects unloaded after import = 2
========================================================================
Received Import Request.
  Time since last request: 0.000014 seconds.
  path: Assets/Prefabs/Props
  artifactKey: Guid(7ee1aca54ddf0ae4c826e2b355a8836f) Importer(815301076,1909f56bfc062723c751e8b465ee728b)
Start importing Assets/Prefabs/Props using Guid(7ee1aca54ddf0ae4c826e2b355a8836f) Importer(815301076,1909f56bfc062723c751e8b465ee728b)  -> (artifact id: '1d56c8fc9ac21bb8b3fa6e8ee659012c') in 0.000481 seconds
Number of updated asset objects reloaded before import = 0
Number of asset objects unloaded after import = 0
========================================================================
Received Import Request.
  Time since last request: 0.000069 seconds.
  path: Assets/Prefabs/Props/SC_Prop_Construction_Wood.fbx
  artifactKey: Guid(00789563e77441f4ca99325da6814d94) Importer(815301076,1909f56bfc062723c751e8b465ee728b)
Start importing Assets/Prefabs/Props/SC_Prop_Construction_Wood.fbx using Guid(00789563e77441f4ca99325da6814d94) Importer(815301076,1909f56bfc062723c751e8b465ee728b)  -> (artifact id: '417a2ec2d524475b772e35484eed85eb') in 0.025049 seconds
Number of updated asset objects reloaded before import = 0
Number of asset objects unloaded after import = 8
========================================================================
Received Import Request.
  Time since last request: 0.000019 seconds.
  path: Assets/Prefabs/Obstacle.prefab
  artifactKey: Guid(e37d9e0db5f854bf5a15e6df7929afbc) Importer(815301076,1909f56bfc062723c751e8b465ee728b)
Start importing Assets/Prefabs/Obstacle.prefab using Guid(e37d9e0db5f854bf5a15e6df7929afbc) Importer(815301076,1909f56bfc062723c751e8b465ee728b)  -> (artifact id: '57d9036d11ec00feca0d1a00779f0c3d') in 0.016446 seconds
Number of updated asset objects reloaded before import = 0
Number of asset objects unloaded after import = 11
========================================================================
Received Import Request.
  Time since last request: 205.822683 seconds.
  path: Assets/Prefabs/Props/lambert1.mat
  artifactKey: Guid(cad6a4085c321b44eb31583134aadb40) Importer(815301076,1909f56bfc062723c751e8b465ee728b)
Start importing Assets/Prefabs/Props/lambert1.mat using Guid(cad6a4085c321b44eb31583134aadb40) Importer(815301076,1909f56bfc062723c751e8b465ee728b)  -> (artifact id: 'f141b6719b9b3636aae92c98eea86dce') in 0.016115 seconds
Number of updated asset objects reloaded before import = 0
Number of asset objects unloaded after import = 2
========================================================================
Received Import Request.
  Time since last request: 50.689940 seconds.
  path: Assets/Prefabs/Props/Materials
  artifactKey: Guid(ec241d71775a9484091c96834c50adc1) Importer(815301076,1909f56bfc062723c751e8b465ee728b)
Start importing Assets/Prefabs/Props/Materials using Guid(ec241d71775a9484091c96834c50adc1) Importer(815301076,1909f56bfc062723c751e8b465ee728b)  -> (artifact id: '0f2fca8144e3b747267d1a3e268400c5') in 0.000533 seconds
Number of updated asset objects reloaded before import = 0
Number of asset objects unloaded after import = 0
========================================================================
Received Import Request.
  Time since last request: 0.056431 seconds.
  path: Assets/Prefabs/Props/Materials/SimpleCity_Texture.mat
  artifactKey: Guid(9976d019c11b9b646a045b314b8ae931) Importer(815301076,1909f56bfc062723c751e8b465ee728b)
Start importing Assets/Prefabs/Props/Materials/SimpleCity_Texture.mat using Guid(9976d019c11b9b646a045b314b8ae931) Importer(815301076,1909f56bfc062723c751e8b465ee728b)  -> (artifact id: '4d221e0abd93845c6dcda9905fddea16') in 0.017506 seconds
Number of updated asset objects reloaded before import = 0
Number of asset objects unloaded after import = 2
========================================================================
Received Import Request.
  Time since last request: 14.581056 seconds.
  path: Assets/Prefabs/Props/Materials/lambert1.mat
  artifactKey: Guid(cad6a4085c321b44eb31583134aadb40) Importer(815301076,1909f56bfc062723c751e8b465ee728b)
Start importing Assets/Prefabs/Props/Materials/lambert1.mat using Guid(cad6a4085c321b44eb31583134aadb40) Importer(815301076,1909f56bfc062723c751e8b465ee728b)  -> (artifact id: '356da93f236f1143e722ee544e7eb99d') in 0.134669 seconds
Number of updated asset objects reloaded before import = 0
Number of asset objects unloaded after import = 2
========================================================================
Received Import Request.
  Time since last request: 100.424768 seconds.
  path: Assets/TextMesh Pro/Examples & Extras/Resources/Fonts & Materials/Bangers SDF.asset
  artifactKey: Guid(125cb55b44b24c4393181402bc6200e6) Importer(815301076,1909f56bfc062723c751e8b465ee728b)
Start importing Assets/TextMesh Pro/Examples & Extras/Resources/Fonts & Materials/Bangers SDF.asset using Guid(125cb55b44b24c4393181402bc6200e6) Importer(815301076,1909f56bfc062723c751e8b465ee728b)  -> (artifact id: '45e11d1a94907a131f0b92c6dd5842dd') in 0.052147 seconds
Number of updated asset objects reloaded before import = 0
Number of asset objects unloaded after import = 4
========================================================================
Received Import Request.
  Time since last request: 0.000039 seconds.
  path: Assets/FlexibleCelShader/Example/ExplMat2.mat
  artifactKey: Guid(464aa8dc83108f249a5b3cd75f0f5d85) Importer(815301076,1909f56bfc062723c751e8b465ee728b)
Start importing Assets/FlexibleCelShader/Example/ExplMat2.mat using Guid(464aa8dc83108f249a5b3cd75f0f5d85) Importer(815301076,1909f56bfc062723c751e8b465ee728b)  -> (artifact id: '2f411f22afcce00f8e4ec50cc9940f5f') in 0.143164 seconds
Number of updated asset objects reloaded before import = 0
Number of asset objects unloaded after import = 2
========================================================================
Received Import Request.
  Time since last request: 0.000029 seconds.
  path: Assets/Meshes/Store.fbx
  artifactKey: Guid(35d7d7d119eeefb40a8c57ccc4d5b64e) Importer(815301076,1909f56bfc062723c751e8b465ee728b)
Start importing Assets/Meshes/Store.fbx using Guid(35d7d7d119eeefb40a8c57ccc4d5b64e) Importer(815301076,1909f56bfc062723c751e8b465ee728b)  -> (artifact id: '9a1b57f3cb8b5ed4954ac6fa68757261') in 0.039928 seconds
Number of updated asset objects reloaded before import = 0
Number of asset objects unloaded after import = 10
========================================================================
Received Import Request.
  Time since last request: 0.000024 seconds.
  path: Assets/FlexibleCelShader/Example/ExplMat1.mat
  artifactKey: Guid(03cea75956fea834698cd855e1931aa0) Importer(815301076,1909f56bfc062723c751e8b465ee728b)
Start importing Assets/FlexibleCelShader/Example/ExplMat1.mat using Guid(03cea75956fea834698cd855e1931aa0) Importer(815301076,1909f56bfc062723c751e8b465ee728b)  -> (artifact id: 'd81353f80237f8d59569aa798c67295a') in 0.016966 seconds
Number of updated asset objects reloaded before import = 0
Number of asset objects unloaded after import = 2
========================================================================
Received Import Request.
  Time since last request: 0.000014 seconds.
  path: Assets/FlexibleCelShader/Example/ExplMat2 1.mat
  artifactKey: Guid(d175d909e60e1c149abbe0f9274c7cb4) Importer(815301076,1909f56bfc062723c751e8b465ee728b)
Start importing Assets/FlexibleCelShader/Example/ExplMat2 1.mat using Guid(d175d909e60e1c149abbe0f9274c7cb4) Importer(815301076,1909f56bfc062723c751e8b465ee728b)  -> (artifact id: '6433fb3684cc41b3d300dd0c01320b25') in 0.013867 seconds
Number of updated asset objects reloaded before import = 0
Number of asset objects unloaded after import = 2
========================================================================
Received Import Request.
  Time since last request: 12.090088 seconds.
  path: Assets/Prefabs/Props/Materials/Lambert_Bright.mat
  artifactKey: Guid(cad6a4085c321b44eb31583134aadb40) Importer(815301076,1909f56bfc062723c751e8b465ee728b)
Start importing Assets/Prefabs/Props/Materials/Lambert_Bright.mat using Guid(cad6a4085c321b44eb31583134aadb40) Importer(815301076,1909f56bfc062723c751e8b465ee728b)  -> (artifact id: 'a0ca5100103a176e48fcb2cbfb041f3d') in 0.015569 seconds
Number of updated asset objects reloaded before import = 0
Number of asset objects unloaded after import = 2
========================================================================
Received Import Request.
  Time since last request: 9.776833 seconds.
  path: Assets/Prefabs/Props/Crane 2.fbx
  artifactKey: Guid(8a527f9e28e21464fa82a1e2db8377cb) Importer(815301076,1909f56bfc062723c751e8b465ee728b)
Start importing Assets/Prefabs/Props/Crane 2.fbx using Guid(8a527f9e28e21464fa82a1e2db8377cb) Importer(815301076,1909f56bfc062723c751e8b465ee728b)  -> (artifact id: 'd699650e6760a1c179575a6e0649c6f2') in 0.024354 seconds
Number of updated asset objects reloaded before import = 0
Number of asset objects unloaded after import = 9
========================================================================
Received Import Request.
  Time since last request: 5.261269 seconds.
  path: Assets/Prefabs/Props/SC_Prop_Construction_Beams.fbx
  artifactKey: Guid(0b0bdd8279013004c9c361a0ca1384e7) Importer(815301076,1909f56bfc062723c751e8b465ee728b)
Start importing Assets/Prefabs/Props/SC_Prop_Construction_Beams.fbx using Guid(0b0bdd8279013004c9c361a0ca1384e7) Importer(815301076,1909f56bfc062723c751e8b465ee728b)  -> (artifact id: '0bd3ed68ee3939ebe0763e24a53f250f') in 0.020030 seconds
Number of updated asset objects reloaded before import = 0
Number of asset objects unloaded after import = 9
========================================================================
Received Import Request.
  Time since last request: 8.342519 seconds.
  path: Assets/Prefabs/Props/SC_Prop_Construction_Crane.fbx
  artifactKey: Guid(5e3c11cd0e3597c4a901e3d61ec5aad1) Importer(815301076,1909f56bfc062723c751e8b465ee728b)
Start importing Assets/Prefabs/Props/SC_Prop_Construction_Crane.fbx using Guid(5e3c11cd0e3597c4a901e3d61ec5aad1) Importer(815301076,1909f56bfc062723c751e8b465ee728b)  -> (artifact id: '307fd3545b24a8a1d5208abe2824c693') in 0.020787 seconds
Number of updated asset objects reloaded before import = 0
Number of asset objects unloaded after import = 9
========================================================================
Received Import Request.
  Time since last request: 4.392017 seconds.
  path: Assets/Prefabs/Props/SC_Prop_Construction_Pipes.fbx
  artifactKey: Guid(994321a473a1b874f9955b342ce827a7) Importer(815301076,1909f56bfc062723c751e8b465ee728b)
Start importing Assets/Prefabs/Props/SC_Prop_Construction_Pipes.fbx using Guid(994321a473a1b874f9955b342ce827a7) Importer(815301076,1909f56bfc062723c751e8b465ee728b)  -> (artifact id: 'b7bcc938451b0fe926bf3e3850a28571') in 0.018822 seconds
Number of updated asset objects reloaded before import = 0
Number of asset objects unloaded after import = 9
========================================================================
Received Import Request.
  Time since last request: 4.775920 seconds.
  path: Assets/Prefabs/Props/SC_Prop_Construction_Scaffolding.fbx
  artifactKey: Guid(3c55b8447523cc34d9ec03a9ecd16a5b) Importer(815301076,1909f56bfc062723c751e8b465ee728b)
Start importing Assets/Prefabs/Props/SC_Prop_Construction_Scaffolding.fbx using Guid(3c55b8447523cc34d9ec03a9ecd16a5b) Importer(815301076,1909f56bfc062723c751e8b465ee728b)  -> (artifact id: '8f76c04a8b42da1b9589dbd686f9ebdb') in 0.018203 seconds
Number of updated asset objects reloaded before import = 0
Number of asset objects unloaded after import = 9
========================================================================
Received Import Request.
  Time since last request: 4.263952 seconds.
  path: Assets/Prefabs/Props/SC_Prop_Construction_Wood.fbx
  artifactKey: Guid(00789563e77441f4ca99325da6814d94) Importer(815301076,1909f56bfc062723c751e8b465ee728b)
Start importing Assets/Prefabs/Props/SC_Prop_Construction_Wood.fbx using Guid(00789563e77441f4ca99325da6814d94) Importer(815301076,1909f56bfc062723c751e8b465ee728b)  -> (artifact id: 'fa232df9d65c666afbebc3c4c86afe6d') in 0.021528 seconds
Number of updated asset objects reloaded before import = 0
Number of asset objects unloaded after import = 9
========================================================================
Received Import Request.
  Time since last request: 8.254646 seconds.
  path: Assets/Prefabs/Props/SC_Prop_Entrance.fbx
  artifactKey: Guid(609faa257e9fdb543a667f5d15962ba7) Importer(815301076,1909f56bfc062723c751e8b465ee728b)
Start importing Assets/Prefabs/Props/SC_Prop_Entrance.fbx using Guid(609faa257e9fdb543a667f5d15962ba7) Importer(815301076,1909f56bfc062723c751e8b465ee728b)  -> (artifact id: '8d4dcb5054ccb08750f014e5f80004fc') in 0.021627 seconds
Number of updated asset objects reloaded before import = 0
Number of asset objects unloaded after import = 9
========================================================================
Received Import Request.
  Time since last request: 4.491070 seconds.
  path: Assets/Prefabs/Props/SC_Prop_Garden_Chair.fbx
  artifactKey: Guid(5c6725a60a0ee6442a3c8d0aeda37b68) Importer(815301076,1909f56bfc062723c751e8b465ee728b)
Start importing Assets/Prefabs/Props/SC_Prop_Garden_Chair.fbx using Guid(5c6725a60a0ee6442a3c8d0aeda37b68) Importer(815301076,1909f56bfc062723c751e8b465ee728b)  -> (artifact id: 'e6b2b672dc1255173017b37b20f3e19b') in 0.020351 seconds
Number of updated asset objects reloaded before import = 0
Number of asset objects unloaded after import = 9
========================================================================
Received Import Request.
  Time since last request: 6.080703 seconds.
  path: Assets/Prefabs/Props/Scaffolding ramp.fbx
  artifactKey: Guid(8d0df6cf38175e74292dc445e3d66d3b) Importer(815301076,1909f56bfc062723c751e8b465ee728b)
Start importing Assets/Prefabs/Props/Scaffolding ramp.fbx using Guid(8d0df6cf38175e74292dc445e3d66d3b) Importer(815301076,1909f56bfc062723c751e8b465ee728b)  -> (artifact id: '7bdc410e7255c3e895a66e6cdd29ff25') in 0.020576 seconds
Number of updated asset objects reloaded before import = 0
Number of asset objects unloaded after import = 9
========================================================================
Received Import Request.
  Time since last request: 4.750086 seconds.
  path: Assets/Prefabs/Props/Single beam.fbx
  artifactKey: Guid(e7738f09641720343a957d89604e2e01) Importer(815301076,1909f56bfc062723c751e8b465ee728b)
Start importing Assets/Prefabs/Props/Single beam.fbx using Guid(e7738f09641720343a957d89604e2e01) Importer(815301076,1909f56bfc062723c751e8b465ee728b)  -> (artifact id: '2179ce6cc01da79364cd33dc1fda39d0') in 0.021039 seconds
Number of updated asset objects reloaded before import = 0
Number of asset objects unloaded after import = 9
========================================================================
Received Import Request.
  Time since last request: 54.984643 seconds.
  path: Assets/Prefabs/Materials
  artifactKey: Guid(41d0b84eb8916b845be39b8b9ecac7bc) Importer(815301076,1909f56bfc062723c751e8b465ee728b)
Start importing Assets/Prefabs/Materials using Guid(41d0b84eb8916b845be39b8b9ecac7bc) Importer(815301076,1909f56bfc062723c751e8b465ee728b)  -> (artifact id: 'ea8e1bebfd1a7a9136ae1cfbc82f2cbf') in 0.000564 seconds
Number of updated asset objects reloaded before import = 0
Number of asset objects unloaded after import = 0
========================================================================
Received Import Request.
  Time since last request: 0.055597 seconds.
  path: Assets/Prefabs/Materials/Motor_mt1_D.mat
  artifactKey: Guid(a1d945573173d504f925842009698ef7) Importer(815301076,1909f56bfc062723c751e8b465ee728b)
Start importing Assets/Prefabs/Materials/Motor_mt1_D.mat using Guid(a1d945573173d504f925842009698ef7) Importer(815301076,1909f56bfc062723c751e8b465ee728b)  -> (artifact id: 'fe1b90efa8a7f787f9f76b294c9e74b0') in 0.014455 seconds
Number of updated asset objects reloaded before import = 0
Number of asset objects unloaded after import = 2
========================================================================
Received Import Request.
  Time since last request: 9.570927 seconds.
  path: Assets/Prefabs/Materials/Motor_mt1.mat
  artifactKey: Guid(b5e957d879f8ca946b9e3a64db3d2c2c) Importer(815301076,1909f56bfc062723c751e8b465ee728b)
Start importing Assets/Prefabs/Materials/Motor_mt1.mat using Guid(b5e957d879f8ca946b9e3a64db3d2c2c) Importer(815301076,1909f56bfc062723c751e8b465ee728b)  -> (artifact id: '879b0ecdaac54ff9c2eb5832bc84fb6b') in 0.045123 seconds
Number of updated asset objects reloaded before import = 0
Number of asset objects unloaded after import = 2
========================================================================
Received Import Request.
  Time since last request: 8.491802 seconds.
  path: Assets/Prefabs/Motor.FBX
  artifactKey: Guid(959f6e812b579104b88a7942bd949d92) Importer(815301076,1909f56bfc062723c751e8b465ee728b)
Start importing Assets/Prefabs/Motor.FBX using Guid(959f6e812b579104b88a7942bd949d92) Importer(815301076,1909f56bfc062723c751e8b465ee728b)  -> (artifact id: 'e124f2e1f65b71524f7a02c99528e38b') in 0.027343 seconds
Number of updated asset objects reloaded before import = 0
Number of asset objects unloaded after import = 9
========================================================================
Received Import Request.
  Time since last request: 12.036272 seconds.
  path: Assets/TextMesh Pro/Shaders/TMPro.cginc
  artifactKey: Guid(407bc68d299748449bbf7f48ee690f8d) Importer(815301076,1909f56bfc062723c751e8b465ee728b)
Start importing Assets/TextMesh Pro/Shaders/TMPro.cginc using Guid(407bc68d299748449bbf7f48ee690f8d) Importer(815301076,1909f56bfc062723c751e8b465ee728b)  -> (artifact id: 'b2f603c20fc83149d951696e0b5ff78e') in 0.001022 seconds
Number of updated asset objects reloaded before import = 0
Number of asset objects unloaded after import = 1
========================================================================
Received Import Request.
  Time since last request: 0.003362 seconds.
  path: Assets/TextMesh Pro/Shaders/TMPro_Mobile.cginc
  artifactKey: Guid(c334973cef89a9840b0b0c507e0377ab) Importer(815301076,1909f56bfc062723c751e8b465ee728b)
Start importing Assets/TextMesh Pro/Shaders/TMPro_Mobile.cginc using Guid(c334973cef89a9840b0b0c507e0377ab) Importer(815301076,1909f56bfc062723c751e8b465ee728b)  -> (artifact id: 'ed4948e3d3b156c358d774882348c13a') in 0.001021 seconds
Number of updated asset objects reloaded before import = 0
Number of asset objects unloaded after import = 1
========================================================================
Received Import Request.
  Time since last request: 0.003148 seconds.
  path: Assets/TextMesh Pro/Shaders/TMPro_Properties.cginc
  artifactKey: Guid(3997e2241185407d80309a82f9148466) Importer(815301076,1909f56bfc062723c751e8b465ee728b)
Start importing Assets/TextMesh Pro/Shaders/TMPro_Properties.cginc using Guid(3997e2241185407d80309a82f9148466) Importer(815301076,1909f56bfc062723c751e8b465ee728b)  -> (artifact id: 'fb17b39ab37ff5c4a0c347358e9d790f') in 0.000745 seconds
Number of updated asset objects reloaded before import = 0
Number of asset objects unloaded after import = 1
========================================================================
Received Import Request.
  Time since last request: 0.003591 seconds.
  path: Assets/TextMesh Pro/Shaders/TMPro_Surface.cginc
  artifactKey: Guid(d930090c0cd643c7b55f19a38538c162) Importer(815301076,1909f56bfc062723c751e8b465ee728b)
Start importing Assets/TextMesh Pro/Shaders/TMPro_Surface.cginc using Guid(d930090c0cd643c7b55f19a38538c162) Importer(815301076,1909f56bfc062723c751e8b465ee728b)  -> (artifact id: '9c686a485411b244d6b24147d7663491') in 0.001312 seconds
Number of updated asset objects reloaded before import = 0
Number of asset objects unloaded after import = 1
